[debug] [2021-08-03T15:34:36.613Z] ----------------------------------------------------------------------
[debug] [2021-08-03T15:34:36.614Z] Command:       /usr/bin/node /usr/local/bin/firebase init
[debug] [2021-08-03T15:34:36.615Z] CLI Version:   9.16.0
[debug] [2021-08-03T15:34:36.615Z] Platform:      linux
[debug] [2021-08-03T15:34:36.615Z] Node Version:  v10.19.0
[debug] [2021-08-03T15:34:36.615Z] Time:          Tue Aug 03 2021 16:34:36 GMT+0100 (British Summer Time)
[debug] [2021-08-03T15:34:36.615Z] ----------------------------------------------------------------------
[debug] 
[debug] [2021-08-03T15:34:36.620Z] > command requires scopes: ["email","openid","https://www.googleapis.com/auth/cloudplatformprojects.readonly","https://www.googleapis.com/auth/firebase","https://www.googleapis.com/auth/cloud-platform"]
[debug] [2021-08-03T15:34:36.620Z] > authorizing via signed-in user (harrisonpeterfield@gmail.com)
[info] 
     ######## #### ########  ######## ########     ###     ######  ########
     ##        ##  ##     ## ##       ##     ##  ##   ##  ##       ##
     ######    ##  ########  ######   ########  #########  ######  ######
     ##        ##  ##    ##  ##       ##     ## ##     ##       ## ##
     ##       #### ##     ## ######## ########  ##     ##  ######  ########

You're about to initialize a Firebase project in this directory:

  /home/harry/Documents/desktop-program/moveCalculator

[info] 
=== Project Setup
[info] 
[info] First, let's associate this project directory with a Firebase project.
[info] You can create multiple project aliases by running firebase use --add, 
[info] but for now we'll just set up a default project.
[info] 
